<?xml version="1.0" encoding="UTF-8"?>
<!-- Generated by org.testng.reporters.JUnitReportReporter -->
<testsuite hostname="DESKTOP-4VS18D7" failures="0" tests="1" name="NotePad2.NewTest" time="1.936" errors="0" timestamp="2022-02-24T14:22:50 SGT" skipped="0">
  <testcase classname="NotePad2.NewTest" name="f" time="1.936"/>
  <system-out/>
</testsuite> <!-- NotePad2.NewTest -->
